[0.947s] Invoking command in '/home/xinruwang/comp_robot_ws/build/beginner_tutorials': PYTHONPATH=/home/xinruwang/comp_robot_ws/build/beginner_tutorials/prefix_override:/usr/lib/python3/dist-packages/colcon_core/task/python/colcon_distutils_commands:/home/xinruwang/comp_robot_ws/install/beginner_tutorials/lib/python3.10/site-packages:${PYTHONPATH} /usr/bin/python3 -W ignore:setup.py install is deprecated setup.py develop --editable --build-directory /home/xinruwang/comp_robot_ws/build/beginner_tutorials/build --no-deps symlink_data
[1.185s] running develop
[1.186s] /usr/lib/python3/dist-packages/setuptools/command/easy_install.py:158: EasyInstallDeprecationWarning: easy_install command is deprecated. Use build and pip and other standards-based tools.
[1.187s]   warnings.warn(
[1.340s] running egg_info
[1.340s] creating beginner_tutorials.egg-info
[1.340s] writing beginner_tutorials.egg-info/PKG-INFO
[1.340s] writing dependency_links to beginner_tutorials.egg-info/dependency_links.txt
[1.340s] writing entry points to beginner_tutorials.egg-info/entry_points.txt
[1.340s] writing requirements to beginner_tutorials.egg-info/requires.txt
[1.340s] writing top-level names to beginner_tutorials.egg-info/top_level.txt
[1.340s] writing manifest file 'beginner_tutorials.egg-info/SOURCES.txt'
[1.342s] reading manifest file 'beginner_tutorials.egg-info/SOURCES.txt'
[1.342s] writing manifest file 'beginner_tutorials.egg-info/SOURCES.txt'
[1.345s] running build_ext
[1.345s] Creating /home/xinruwang/comp_robot_ws/install/beginner_tutorials/lib/python3.10/site-packages/beginner-tutorials.egg-link (link to .)
[1.345s] Installing velocity_pub_py script to /home/xinruwang/comp_robot_ws/install/beginner_tutorials/lib/beginner_tutorials
[1.345s] Installing velocity_sub_py script to /home/xinruwang/comp_robot_ws/install/beginner_tutorials/lib/beginner_tutorials
[1.346s] 
[1.346s] Installed /home/xinruwang/comp_robot_ws/build/beginner_tutorials
[1.346s] running symlink_data
[1.346s] creating /home/xinruwang/comp_robot_ws/install/beginner_tutorials/share/ament_index
[1.346s] creating /home/xinruwang/comp_robot_ws/install/beginner_tutorials/share/ament_index/resource_index
[1.346s] creating /home/xinruwang/comp_robot_ws/install/beginner_tutorials/share/ament_index/resource_index/packages
[1.346s] symbolically linking /home/xinruwang/comp_robot_ws/build/beginner_tutorials/resource/beginner_tutorials -> /home/xinruwang/comp_robot_ws/install/beginner_tutorials/share/ament_index/resource_index/packages
[1.346s] symbolically linking /home/xinruwang/comp_robot_ws/build/beginner_tutorials/package.xml -> /home/xinruwang/comp_robot_ws/install/beginner_tutorials/share/beginner_tutorials
[1.347s] symbolically linking /home/xinruwang/comp_robot_ws/build/beginner_tutorials/launch/turtlesim_example.launch.py -> /home/xinruwang/comp_robot_ws/install/beginner_tutorials/share/beginner_tutorials
[1.383s] Invoked command in '/home/xinruwang/comp_robot_ws/build/beginner_tutorials' returned '0': PYTHONPATH=/home/xinruwang/comp_robot_ws/build/beginner_tutorials/prefix_override:/usr/lib/python3/dist-packages/colcon_core/task/python/colcon_distutils_commands:/home/xinruwang/comp_robot_ws/install/beginner_tutorials/lib/python3.10/site-packages:${PYTHONPATH} /usr/bin/python3 -W ignore:setup.py install is deprecated setup.py develop --editable --build-directory /home/xinruwang/comp_robot_ws/build/beginner_tutorials/build --no-deps symlink_data
