/usr/lib/python3/dist-packages/setuptools/command/easy_install.py:158: EasyInstallDeprecationWarning: easy_install command is deprecated. Use build and pip and other standards-based tools.
  warnings.warn(
running develop
running egg_info
creating path_follower.egg-info
writing path_follower.egg-info/PKG-INFO
writing dependency_links to path_follower.egg-info/dependency_links.txt
writing entry points to path_follower.egg-info/entry_points.txt
writing requirements to path_follower.egg-info/requires.txt
writing top-level names to path_follower.egg-info/top_level.txt
writing manifest file 'path_follower.egg-info/SOURCES.txt'
reading manifest file 'path_follower.egg-info/SOURCES.txt'
writing manifest file 'path_follower.egg-info/SOURCES.txt'
running build_ext
Creating /home/xinruwang/comp_robot_ws/install/path_follower/lib/python3.10/site-packages/path-follower.egg-link (link to .)
Installing path_follower script to /home/xinruwang/comp_robot_ws/install/path_follower/lib/path_follower

Installed /home/xinruwang/comp_robot_ws/build/path_follower
running symlink_data
creating /home/xinruwang/comp_robot_ws/install/path_follower/share/ament_index
creating /home/xinruwang/comp_robot_ws/install/path_follower/share/ament_index/resource_index
creating /home/xinruwang/comp_robot_ws/install/path_follower/share/ament_index/resource_index/packages
symbolically linking /home/xinruwang/comp_robot_ws/build/path_follower/resource/path_follower -> /home/xinruwang/comp_robot_ws/install/path_follower/share/ament_index/resource_index/packages
symbolically linking /home/xinruwang/comp_robot_ws/build/path_follower/package.xml -> /home/xinruwang/comp_robot_ws/install/path_follower/share/path_follower
