[0.623s] Invoking command in '/home/xinruwang/comp_robot_ws/build/path_follower': PYTHONPATH=/home/xinruwang/comp_robot_ws/build/path_follower/prefix_override:/usr/lib/python3/dist-packages/colcon_core/task/python/colcon_distutils_commands:/home/xinruwang/comp_robot_ws/install/path_follower/lib/python3.10/site-packages:${PYTHONPATH} /usr/bin/python3 -W ignore:setup.py install is deprecated setup.py develop --editable --build-directory /home/xinruwang/comp_robot_ws/build/path_follower/build --no-deps symlink_data
[0.876s] /usr/lib/python3/dist-packages/setuptools/command/easy_install.py:158: EasyInstallDeprecationWarning: easy_install command is deprecated. Use build and pip and other standards-based tools.
[0.876s]   warnings.warn(
[0.876s] running develop
[1.082s] running egg_info
[1.082s] creating path_follower.egg-info
[1.082s] writing path_follower.egg-info/PKG-INFO
[1.083s] writing dependency_links to path_follower.egg-info/dependency_links.txt
[1.083s] writing entry points to path_follower.egg-info/entry_points.txt
[1.083s] writing requirements to path_follower.egg-info/requires.txt
[1.083s] writing top-level names to path_follower.egg-info/top_level.txt
[1.084s] writing manifest file 'path_follower.egg-info/SOURCES.txt'
[1.085s] reading manifest file 'path_follower.egg-info/SOURCES.txt'
[1.086s] writing manifest file 'path_follower.egg-info/SOURCES.txt'
[1.087s] running build_ext
[1.088s] Creating /home/xinruwang/comp_robot_ws/install/path_follower/lib/python3.10/site-packages/path-follower.egg-link (link to .)
[1.088s] Installing path_follower script to /home/xinruwang/comp_robot_ws/install/path_follower/lib/path_follower
[1.089s] 
[1.089s] Installed /home/xinruwang/comp_robot_ws/build/path_follower
[1.089s] running symlink_data
[1.089s] creating /home/xinruwang/comp_robot_ws/install/path_follower/share/ament_index
[1.089s] creating /home/xinruwang/comp_robot_ws/install/path_follower/share/ament_index/resource_index
[1.090s] creating /home/xinruwang/comp_robot_ws/install/path_follower/share/ament_index/resource_index/packages
[1.094s] symbolically linking /home/xinruwang/comp_robot_ws/build/path_follower/resource/path_follower -> /home/xinruwang/comp_robot_ws/install/path_follower/share/ament_index/resource_index/packages
[1.094s] symbolically linking /home/xinruwang/comp_robot_ws/build/path_follower/package.xml -> /home/xinruwang/comp_robot_ws/install/path_follower/share/path_follower
[1.115s] Invoked command in '/home/xinruwang/comp_robot_ws/build/path_follower' returned '0': PYTHONPATH=/home/xinruwang/comp_robot_ws/build/path_follower/prefix_override:/usr/lib/python3/dist-packages/colcon_core/task/python/colcon_distutils_commands:/home/xinruwang/comp_robot_ws/install/path_follower/lib/python3.10/site-packages:${PYTHONPATH} /usr/bin/python3 -W ignore:setup.py install is deprecated setup.py develop --editable --build-directory /home/xinruwang/comp_robot_ws/build/path_follower/build --no-deps symlink_data
