running develop
/usr/lib/python3/dist-packages/setuptools/command/easy_install.py:158: EasyInstallDeprecationWarning: easy_install command is deprecated. Use build and pip and other standards-based tools.
  warnings.warn(
running egg_info
creating tf_demos.egg-info
writing tf_demos.egg-info/PKG-INFO
writing dependency_links to tf_demos.egg-info/dependency_links.txt
writing entry points to tf_demos.egg-info/entry_points.txt
writing requirements to tf_demos.egg-info/requires.txt
writing top-level names to tf_demos.egg-info/top_level.txt
writing manifest file 'tf_demos.egg-info/SOURCES.txt'
reading manifest file 'tf_demos.egg-info/SOURCES.txt'
writing manifest file 'tf_demos.egg-info/SOURCES.txt'
running build_ext
Creating /home/xinruwang/comp_robot_ws/install/tf_demos/lib/python3.10/site-packages/tf-demos.egg-link (link to .)
Installing camera_link_broadcaster script to /home/xinruwang/comp_robot_ws/install/tf_demos/lib/tf_demos
Installing can_link_broadcaster script to /home/xinruwang/comp_robot_ws/install/tf_demos/lib/tf_demos
Installing quaternions_conversion script to /home/xinruwang/comp_robot_ws/install/tf_demos/lib/tf_demos
Installing static_tf_broadcaster script to /home/xinruwang/comp_robot_ws/install/tf_demos/lib/tf_demos
Installing tf_broadcaster script to /home/xinruwang/comp_robot_ws/install/tf_demos/lib/tf_demos
Installing tf_structures script to /home/xinruwang/comp_robot_ws/install/tf_demos/lib/tf_demos
Installing transformation_matrix script to /home/xinruwang/comp_robot_ws/install/tf_demos/lib/tf_demos

Installed /home/xinruwang/comp_robot_ws/build/tf_demos
running symlink_data
creating /home/xinruwang/comp_robot_ws/install/tf_demos/share/ament_index
creating /home/xinruwang/comp_robot_ws/install/tf_demos/share/ament_index/resource_index
creating /home/xinruwang/comp_robot_ws/install/tf_demos/share/ament_index/resource_index/packages
symbolically linking /home/xinruwang/comp_robot_ws/build/tf_demos/resource/tf_demos -> /home/xinruwang/comp_robot_ws/install/tf_demos/share/ament_index/resource_index/packages
symbolically linking /home/xinruwang/comp_robot_ws/build/tf_demos/package.xml -> /home/xinruwang/comp_robot_ws/install/tf_demos/share/tf_demos
symbolically linking /home/xinruwang/comp_robot_ws/build/tf_demos/launch/turtlebot3_slam.launch.py -> /home/xinruwang/comp_robot_ws/install/tf_demos/share/tf_demos
symbolically linking /home/xinruwang/comp_robot_ws/build/tf_demos/launch/transforms.launch.py -> /home/xinruwang/comp_robot_ws/install/tf_demos/share/tf_demos
symbolically linking /home/xinruwang/comp_robot_ws/build/tf_demos/launch/turtlebot3_demo.launch.py -> /home/xinruwang/comp_robot_ws/install/tf_demos/share/tf_demos
symbolically linking /home/xinruwang/comp_robot_ws/build/tf_demos/rviz/tf_demo.rviz -> /home/xinruwang/comp_robot_ws/install/tf_demos/share/tf_demos
