[0.009s] Invoking command in '/home/xinruwang/comp_robot_ws/build/slam_gmapping': CMAKE_PREFIX_PATH=/home/xinruwang/comp_robot_ws/install/openslam_gmapping:/home/xinruwang/comp_robot_ws/install/slam_gmapping:/home/xinruwang/comp_robot_ws/install/slam_examples:/home/xinruwang/comp_robot_ws/install/scenarios_gazebo:/home/xinruwang/comp_robot_ws/install/sampling_planners_demo:/home/xinruwang/comp_robot_ws/install/robot_msgs:/home/xinruwang/comp_robot_ws/install/nav2_map_server:/home/xinruwang/comp_robot_ws/install/tf_demos:/home/xinruwang/comp_robot_ws/install/survey_missions:/home/xinruwang/comp_robot_ws/install/robot_service:/home/xinruwang/comp_robot_ws/install/robot_navigation:/home/xinruwang/comp_robot_ws/install/robot_control:/home/xinruwang/comp_robot_ws/install/path_follower:/home/xinruwang/comp_robot_ws/install/m2wr_description:/home/xinruwang/comp_robot_ws/install/grid_planners_demo:/home/xinruwang/comp_robot_ws/install/bug_path_planning:/home/xinruwang/comp_robot_ws/install/braitenberg:/home/xinruwang/comp_robot_ws/install/beginner_tutorials:/opt/ros/humble /usr/bin/cmake /home/xinruwang/comp_robot_ws/src/slam_gmapping/slam_gmapping -DAMENT_CMAKE_SYMLINK_INSTALL=1 -DCMAKE_INSTALL_PREFIX=/home/xinruwang/comp_robot_ws/install/slam_gmapping
[0.078s] -- The C compiler identification is GNU 11.4.0
[0.132s] -- The CXX compiler identification is GNU 11.4.0
[0.139s] -- Detecting C compiler ABI info
[0.203s] -- Detecting C compiler ABI info - done
[0.211s] -- Check for working C compiler: /usr/bin/cc - skipped
[0.212s] -- Detecting C compile features
[0.212s] -- Detecting C compile features - done
[0.216s] -- Detecting CXX compiler ABI info
[0.298s] -- Detecting CXX compiler ABI info - done
[0.307s] -- Check for working CXX compiler: /usr/bin/c++ - skipped
[0.307s] -- Detecting CXX compile features
[0.308s] -- Detecting CXX compile features - done
[0.309s] [0m -fuse-ld=lld -Wl,--disable-new-dtags[0m
[0.312s] -- Found ament_cmake: 1.3.10 (/opt/ros/humble/share/ament_cmake/cmake)
[0.477s] -- Found Python3: /usr/bin/python3 (found version "3.10.12") found components: Interpreter 
[0.545s] -- Override CMake install command with custom implementation using symlinks instead of copying resources
[0.586s] -- Found std_msgs: 4.2.4 (/opt/ros/humble/share/std_msgs/cmake)
[0.634s] -- Found rosidl_generator_c: 3.1.5 (/opt/ros/humble/share/rosidl_generator_c/cmake)
[0.641s] -- Found rosidl_adapter: 3.1.5 (/opt/ros/humble/share/rosidl_adapter/cmake)
[0.651s] -- Found rosidl_generator_cpp: 3.1.5 (/opt/ros/humble/share/rosidl_generator_cpp/cmake)
[0.664s] -- Using all available rosidl_typesupport_c: rosidl_typesupport_fastrtps_c;rosidl_typesupport_introspection_c
[0.684s] -- Using all available rosidl_typesupport_cpp: rosidl_typesupport_fastrtps_cpp;rosidl_typesupport_introspection_cpp
[0.716s] -- Found nav_msgs: 4.2.4 (/opt/ros/humble/share/nav_msgs/cmake)
[0.747s] -- Found tf2: 0.25.8 (/opt/ros/humble/share/tf2/cmake)
[0.761s] -- Found tf2_ros: 0.25.8 (/opt/ros/humble/share/tf2_ros/cmake)
[0.842s] -- Found rmw_implementation_cmake: 6.1.2 (/opt/ros/humble/share/rmw_implementation_cmake/cmake)
[0.850s] -- Found rmw_fastrtps_cpp: 6.2.7 (/opt/ros/humble/share/rmw_fastrtps_cpp/cmake)
[0.946s] -- Found OpenSSL: /usr/lib/x86_64-linux-gnu/libcrypto.so (found version "3.0.2")  
[0.981s] -- Found FastRTPS: /opt/ros/humble/include  
[1.020s] -- Using RMW implementation 'rmw_fastrtps_cpp' as default
[1.033s] -- Looking for pthread.h
[1.099s] -- Looking for pthread.h - found
[1.099s] -- Performing Test CMAKE_HAVE_LIBC_PTHREAD
[1.171s] -- Performing Test CMAKE_HAVE_LIBC_PTHREAD - Success
[1.172s] -- Found Threads: TRUE  
[1.286s] -- Found tf2_geometry_msgs: 0.25.8 (/opt/ros/humble/share/tf2_geometry_msgs/cmake)
[1.304s] -- Found eigen3_cmake_module: 0.1.1 (/opt/ros/humble/share/eigen3_cmake_module/cmake)
[1.305s] -- Found Eigen3: TRUE (found version "3.4.0") 
[1.305s] -- Ensuring Eigen3 include directory is part of orocos-kdl CMake target
[1.309s] -- Found sensor_msgs: 4.2.4 (/opt/ros/humble/share/sensor_msgs/cmake)
[1.327s] -- Found visualization_msgs: 4.2.4 (/opt/ros/humble/share/visualization_msgs/cmake)
[1.343s] -- Found openslam_gmapping: 0.1.2 (/home/xinruwang/comp_robot_ws/install/openslam_gmapping/share/openslam_gmapping/cmake)
[1.348s] -- Found ament_lint_auto: 0.12.11 (/opt/ros/humble/share/ament_lint_auto/cmake)
[1.445s] -- Added test 'cppcheck' to perform static code analysis on C / C++ code
[1.445s] -- Configured cppcheck include dirs: /home/xinruwang/comp_robot_ws/src/slam_gmapping/slam_gmapping/include
[1.445s] -- Configured cppcheck exclude dirs and/or files: 
[1.446s] -- Added test 'flake8' to check Python code syntax and style conventions
[1.448s] -- Added test 'lint_cmake' to check CMake code style
[1.448s] -- Added test 'pep257' to check Python code against some of the docstring style conventions in PEP 257
[1.450s] -- Added test 'uncrustify' to check C / C++ code style
[1.450s] -- Configured uncrustify additional arguments: 
[1.450s] -- Added test 'xmllint' to check XML markup files
[1.453s] -- Configuring done
[1.465s] -- Generating done
[1.467s] -- Build files have been written to: /home/xinruwang/comp_robot_ws/build/slam_gmapping
[1.477s] Invoked command in '/home/xinruwang/comp_robot_ws/build/slam_gmapping' returned '0': CMAKE_PREFIX_PATH=/home/xinruwang/comp_robot_ws/install/openslam_gmapping:/home/xinruwang/comp_robot_ws/install/slam_gmapping:/home/xinruwang/comp_robot_ws/install/slam_examples:/home/xinruwang/comp_robot_ws/install/scenarios_gazebo:/home/xinruwang/comp_robot_ws/install/sampling_planners_demo:/home/xinruwang/comp_robot_ws/install/robot_msgs:/home/xinruwang/comp_robot_ws/install/nav2_map_server:/home/xinruwang/comp_robot_ws/install/tf_demos:/home/xinruwang/comp_robot_ws/install/survey_missions:/home/xinruwang/comp_robot_ws/install/robot_service:/home/xinruwang/comp_robot_ws/install/robot_navigation:/home/xinruwang/comp_robot_ws/install/robot_control:/home/xinruwang/comp_robot_ws/install/path_follower:/home/xinruwang/comp_robot_ws/install/m2wr_description:/home/xinruwang/comp_robot_ws/install/grid_planners_demo:/home/xinruwang/comp_robot_ws/install/bug_path_planning:/home/xinruwang/comp_robot_ws/install/braitenberg:/home/xinruwang/comp_robot_ws/install/beginner_tutorials:/opt/ros/humble /usr/bin/cmake /home/xinruwang/comp_robot_ws/src/slam_gmapping/slam_gmapping -DAMENT_CMAKE_SYMLINK_INSTALL=1 -DCMAKE_INSTALL_PREFIX=/home/xinruwang/comp_robot_ws/install/slam_gmapping
[1.482s] Invoking command in '/home/xinruwang/comp_robot_ws/build/slam_gmapping': CMAKE_PREFIX_PATH=/home/xinruwang/comp_robot_ws/install/openslam_gmapping:/home/xinruwang/comp_robot_ws/install/slam_gmapping:/home/xinruwang/comp_robot_ws/install/slam_examples:/home/xinruwang/comp_robot_ws/install/scenarios_gazebo:/home/xinruwang/comp_robot_ws/install/sampling_planners_demo:/home/xinruwang/comp_robot_ws/install/robot_msgs:/home/xinruwang/comp_robot_ws/install/nav2_map_server:/home/xinruwang/comp_robot_ws/install/tf_demos:/home/xinruwang/comp_robot_ws/install/survey_missions:/home/xinruwang/comp_robot_ws/install/robot_service:/home/xinruwang/comp_robot_ws/install/robot_navigation:/home/xinruwang/comp_robot_ws/install/robot_control:/home/xinruwang/comp_robot_ws/install/path_follower:/home/xinruwang/comp_robot_ws/install/m2wr_description:/home/xinruwang/comp_robot_ws/install/grid_planners_demo:/home/xinruwang/comp_robot_ws/install/bug_path_planning:/home/xinruwang/comp_robot_ws/install/braitenberg:/home/xinruwang/comp_robot_ws/install/beginner_tutorials:/opt/ros/humble /usr/bin/cmake --build /home/xinruwang/comp_robot_ws/build/slam_gmapping -- -j2 -l2
[1.533s] [ 50%] [32mBuilding CXX object CMakeFiles/slam_gmapping.dir/src/slam_gmapping.cpp.o[0m
[1.745s] In file included from [01m[K/home/xinruwang/comp_robot_ws/src/slam_gmapping/slam_gmapping/include/slam_gmapping/slam_gmapping.h:38[m[K,
[1.745s]                  from [01m[K/home/xinruwang/comp_robot_ws/src/slam_gmapping/slam_gmapping/src/slam_gmapping.cpp:24[m[K:
[1.745s] [01m[K/opt/ros/humble/include/tf2_geometry_msgs/tf2_geometry_msgs/tf2_geometry_msgs.h:35:2:[m[K [01;35m[Kwarning: [m[K#warning This header is obsolete, please include tf2_geometry_msgs/tf2_geometry_msgs.hpp instead [[01;35m[K]8;;https://gcc.gnu.org/onlinedocs/gcc/Warning-Options.html#index-Wcpp-Wcpp]8;;[m[K]
[1.745s]    35 | #[01;35m[Kwarning[m[K This header is obsolete, please include tf2_geometry_msgs/tf2_geometry_msgs.hpp instead
[1.745s]       |  [01;35m[K^~~~~~~[m[K
[4.079s] In file included from [01m[K/home/xinruwang/comp_robot_ws/install/openslam_gmapping/include/gmapping/gridfastslam/gridslamprocessor.h:9[m[K,
[4.079s]                  from [01m[K/home/xinruwang/comp_robot_ws/src/slam_gmapping/slam_gmapping/include/slam_gmapping/slam_gmapping.h:45[m[K,
[4.079s]                  from [01m[K/home/xinruwang/comp_robot_ws/src/slam_gmapping/slam_gmapping/src/slam_gmapping.cpp:24[m[K:
[4.079s] [01m[K/home/xinruwang/comp_robot_ws/install/openslam_gmapping/include/gmapping/particlefilter/particlefilter.h:[m[K In function ‘[01m[Kvoid rle(OutputIterator&, const Iterator&, const Iterator&)[m[K’:
[4.079s] [01m[K/home/xinruwang/comp_robot_ws/install/openslam_gmapping/include/gmapping/particlefilter/particlefilter.h:140:9:[m[K [01;35m[Kwarning: [m[Kthis ‘[01m[Kif[m[K’ clause does not guard... [[01;35m[K]8;;https://gcc.gnu.org/onlinedocs/gcc/Warning-Options.html#index-Wmisleading-indentation-Wmisleading-indentation]8;;[m[K]
[4.079s]   140 |         [01;35m[Kif[m[K (count>0)
[4.079s]       |         [01;35m[K^~[m[K
[4.079s] [01m[K/home/xinruwang/comp_robot_ws/install/openslam_gmapping/include/gmapping/particlefilter/particlefilter.h:142:17:[m[K [01;36m[Knote: [m[K...this statement, but the latter is misleadingly indented as if it were guarded by the ‘[01m[Kif[m[K’
[4.079s]   142 |                 [01;36m[Kout[m[K++;
[4.080s]       |                 [01;36m[K^~~[m[K
[12.800s] [100%] [32m[1mLinking CXX executable slam_gmapping[0m
[13.327s] [100%] Built target slam_gmapping
[13.337s] Invoked command in '/home/xinruwang/comp_robot_ws/build/slam_gmapping' returned '0': CMAKE_PREFIX_PATH=/home/xinruwang/comp_robot_ws/install/openslam_gmapping:/home/xinruwang/comp_robot_ws/install/slam_gmapping:/home/xinruwang/comp_robot_ws/install/slam_examples:/home/xinruwang/comp_robot_ws/install/scenarios_gazebo:/home/xinruwang/comp_robot_ws/install/sampling_planners_demo:/home/xinruwang/comp_robot_ws/install/robot_msgs:/home/xinruwang/comp_robot_ws/install/nav2_map_server:/home/xinruwang/comp_robot_ws/install/tf_demos:/home/xinruwang/comp_robot_ws/install/survey_missions:/home/xinruwang/comp_robot_ws/install/robot_service:/home/xinruwang/comp_robot_ws/install/robot_navigation:/home/xinruwang/comp_robot_ws/install/robot_control:/home/xinruwang/comp_robot_ws/install/path_follower:/home/xinruwang/comp_robot_ws/install/m2wr_description:/home/xinruwang/comp_robot_ws/install/grid_planners_demo:/home/xinruwang/comp_robot_ws/install/bug_path_planning:/home/xinruwang/comp_robot_ws/install/braitenberg:/home/xinruwang/comp_robot_ws/install/beginner_tutorials:/opt/ros/humble /usr/bin/cmake --build /home/xinruwang/comp_robot_ws/build/slam_gmapping -- -j2 -l2
[13.371s] Invoking command in '/home/xinruwang/comp_robot_ws/build/slam_gmapping': CMAKE_PREFIX_PATH=/home/xinruwang/comp_robot_ws/install/openslam_gmapping:/home/xinruwang/comp_robot_ws/install/slam_gmapping:/home/xinruwang/comp_robot_ws/install/slam_examples:/home/xinruwang/comp_robot_ws/install/scenarios_gazebo:/home/xinruwang/comp_robot_ws/install/sampling_planners_demo:/home/xinruwang/comp_robot_ws/install/robot_msgs:/home/xinruwang/comp_robot_ws/install/nav2_map_server:/home/xinruwang/comp_robot_ws/install/tf_demos:/home/xinruwang/comp_robot_ws/install/survey_missions:/home/xinruwang/comp_robot_ws/install/robot_service:/home/xinruwang/comp_robot_ws/install/robot_navigation:/home/xinruwang/comp_robot_ws/install/robot_control:/home/xinruwang/comp_robot_ws/install/path_follower:/home/xinruwang/comp_robot_ws/install/m2wr_description:/home/xinruwang/comp_robot_ws/install/grid_planners_demo:/home/xinruwang/comp_robot_ws/install/bug_path_planning:/home/xinruwang/comp_robot_ws/install/braitenberg:/home/xinruwang/comp_robot_ws/install/beginner_tutorials:/opt/ros/humble /usr/bin/cmake --install /home/xinruwang/comp_robot_ws/build/slam_gmapping
[13.375s] -- Install configuration: ""
[13.376s] -- Execute custom install script
[13.376s] -- Symlinking: /home/xinruwang/comp_robot_ws/install/slam_gmapping/lib/slam_gmapping/slam_gmapping
[13.385s] -- Symlinking: /home/xinruwang/comp_robot_ws/install/slam_gmapping/share/slam_gmapping/launch/slam_gmapping.launch.py
[13.394s] -- Symlinking: /home/xinruwang/comp_robot_ws/install/slam_gmapping/share/ament_index/resource_index/package_run_dependencies/slam_gmapping
[13.403s] -- Symlinking: /home/xinruwang/comp_robot_ws/install/slam_gmapping/share/ament_index/resource_index/parent_prefix_path/slam_gmapping
[13.411s] -- Symlinking: /home/xinruwang/comp_robot_ws/install/slam_gmapping/share/slam_gmapping/environment/ament_prefix_path.sh
[13.420s] -- Symlinking: /home/xinruwang/comp_robot_ws/install/slam_gmapping/share/slam_gmapping/environment/ament_prefix_path.dsv
[13.429s] -- Symlinking: /home/xinruwang/comp_robot_ws/install/slam_gmapping/share/slam_gmapping/environment/path.sh
[13.439s] -- Symlinking: /home/xinruwang/comp_robot_ws/install/slam_gmapping/share/slam_gmapping/environment/path.dsv
[13.451s] -- Symlinking: /home/xinruwang/comp_robot_ws/install/slam_gmapping/share/slam_gmapping/local_setup.bash
[13.458s] -- Symlinking: /home/xinruwang/comp_robot_ws/install/slam_gmapping/share/slam_gmapping/local_setup.sh
[13.466s] -- Symlinking: /home/xinruwang/comp_robot_ws/install/slam_gmapping/share/slam_gmapping/local_setup.zsh
[13.474s] -- Symlinking: /home/xinruwang/comp_robot_ws/install/slam_gmapping/share/slam_gmapping/local_setup.dsv
[13.483s] -- Symlinking: /home/xinruwang/comp_robot_ws/install/slam_gmapping/share/slam_gmapping/package.dsv
[13.491s] -- Symlinking: /home/xinruwang/comp_robot_ws/install/slam_gmapping/share/ament_index/resource_index/packages/slam_gmapping
[13.501s] -- Symlinking: /home/xinruwang/comp_robot_ws/install/slam_gmapping/share/slam_gmapping/cmake/slam_gmappingConfig.cmake
[13.510s] -- Symlinking: /home/xinruwang/comp_robot_ws/install/slam_gmapping/share/slam_gmapping/cmake/slam_gmappingConfig-version.cmake
[13.519s] -- Symlinking: /home/xinruwang/comp_robot_ws/install/slam_gmapping/share/slam_gmapping/package.xml
[13.536s] Invoked command in '/home/xinruwang/comp_robot_ws/build/slam_gmapping' returned '0': CMAKE_PREFIX_PATH=/home/xinruwang/comp_robot_ws/install/openslam_gmapping:/home/xinruwang/comp_robot_ws/install/slam_gmapping:/home/xinruwang/comp_robot_ws/install/slam_examples:/home/xinruwang/comp_robot_ws/install/scenarios_gazebo:/home/xinruwang/comp_robot_ws/install/sampling_planners_demo:/home/xinruwang/comp_robot_ws/install/robot_msgs:/home/xinruwang/comp_robot_ws/install/nav2_map_server:/home/xinruwang/comp_robot_ws/install/tf_demos:/home/xinruwang/comp_robot_ws/install/survey_missions:/home/xinruwang/comp_robot_ws/install/robot_service:/home/xinruwang/comp_robot_ws/install/robot_navigation:/home/xinruwang/comp_robot_ws/install/robot_control:/home/xinruwang/comp_robot_ws/install/path_follower:/home/xinruwang/comp_robot_ws/install/m2wr_description:/home/xinruwang/comp_robot_ws/install/grid_planners_demo:/home/xinruwang/comp_robot_ws/install/bug_path_planning:/home/xinruwang/comp_robot_ws/install/braitenberg:/home/xinruwang/comp_robot_ws/install/beginner_tutorials:/opt/ros/humble /usr/bin/cmake --install /home/xinruwang/comp_robot_ws/build/slam_gmapping
