-- The C compiler identification is GNU 11.4.0
-- The CXX compiler identification is GNU 11.4.0
-- Detecting C compiler ABI info
-- Detecting C compiler ABI info - done
-- Check for working C compiler: /usr/bin/cc - skipped
-- Detecting C compile features
-- Detecting C compile features - done
-- Detecting CXX compiler ABI info
-- Detecting CXX compiler ABI info - done
-- Check for working CXX compiler: /usr/bin/c++ - skipped
-- Detecting CXX compile features
-- Detecting CXX compile features - done
-- Found ament_cmake: 1.3.10 (/opt/ros/humble/share/ament_cmake/cmake)
-- Found Python3: /usr/bin/python3 (found version "3.10.12") found components: Interpreter 
-- Override CMake install command with custom implementation using symlinks instead of copying resources
-- Found ament_lint_auto: 0.12.11 (/opt/ros/humble/share/ament_lint_auto/cmake)
-- Found rosidl_default_generators: 1.2.0 (/opt/ros/humble/share/rosidl_default_generators/cmake)
-- Using all available rosidl_typesupport_c: rosidl_typesupport_fastrtps_c;rosidl_typesupport_introspection_c
-- Found rosidl_adapter: 3.1.5 (/opt/ros/humble/share/rosidl_adapter/cmake)
-- Using all available rosidl_typesupport_cpp: rosidl_typesupport_fastrtps_cpp;rosidl_typesupport_introspection_cpp
-- Found ament_cmake_ros: 0.10.0 (/opt/ros/humble/share/ament_cmake_ros/cmake)
-- Using all available rosidl_typesupport_c: rosidl_typesupport_fastrtps_c;rosidl_typesupport_introspection_c
-- Using all available rosidl_typesupport_cpp: rosidl_typesupport_fastrtps_cpp;rosidl_typesupport_introspection_cpp
-- Found PythonInterp: /usr/bin/python3 (found suitable version "3.10.12", minimum required is "3.6") 
-- Found python_cmake_module: 0.10.0 (/opt/ros/humble/share/python_cmake_module/cmake)
-- Found PythonLibs: /usr/lib/x86_64-linux-gnu/libpython3.10.so (found suitable version "3.10.12", minimum required is "3.5") 
-- Using PYTHON_EXECUTABLE: /usr/bin/python3
-- Using PYTHON_INCLUDE_DIRS: /usr/include/python3.10
-- Using PYTHON_LIBRARIES: /usr/lib/x86_64-linux-gnu/libpython3.10.so
-- Found PythonExtra: .so  
-- Added test 'lint_cmake' to check CMake code style
-- Added test 'xmllint' to check XML markup files
-- Configuring done
-- Generating done
-- Build files have been written to: /home/xinruwang/comp_robot_ws/build/robot_msgs
[  3%] [34m[1mGenerating C code for ROS interfaces[0m
[  6%] [34m[1mGenerating C++ code for ROS interfaces[0m
[  6%] Built target robot_msgs__cpp
[  6%] Built target ament_cmake_python_symlink_robot_msgs
[  9%] [32mBuilding C object CMakeFiles/robot_msgs__rosidl_generator_c.dir/rosidl_generator_c/robot_msgs/srv/detail/add_two_numbers__functions.c.o[0m
[ 12%] [34m[1mGenerating C++ type support dispatch for ROS interfaces[0m
[ 16%] [32m[1mLinking C shared library librobot_msgs__rosidl_generator_c.so[0m
[ 16%] Built target robot_msgs__rosidl_generator_c
[ 19%] [34m[1mGenerating C++ type support for eProsima Fast-RTPS[0m
[ 22%] [32mBuilding CXX object CMakeFiles/robot_msgs__rosidl_typesupport_cpp.dir/rosidl_typesupport_cpp/robot_msgs/srv/add_two_numbers__type_support.cpp.o[0m
[ 25%] [32mBuilding CXX object CMakeFiles/robot_msgs__rosidl_typesupport_fastrtps_cpp.dir/rosidl_typesupport_fastrtps_cpp/robot_msgs/srv/detail/dds_fastrtps/add_two_numbers__type_support.cpp.o[0m
[ 29%] [32m[1mLinking CXX shared library librobot_msgs__rosidl_typesupport_cpp.so[0m
[ 29%] Built target robot_msgs__rosidl_typesupport_cpp
[ 32%] [34m[1mGenerating C++ introspection for ROS interfaces[0m
[ 35%] [32mBuilding CXX object CMakeFiles/robot_msgs__rosidl_typesupport_introspection_cpp.dir/rosidl_typesupport_introspection_cpp/robot_msgs/srv/detail/add_two_numbers__type_support.cpp.o[0m
[ 38%] [32m[1mLinking CXX shared library librobot_msgs__rosidl_typesupport_fastrtps_cpp.so[0m
[ 38%] Built target robot_msgs__rosidl_typesupport_fastrtps_cpp
running egg_info
creating robot_msgs.egg-info
writing robot_msgs.egg-info/PKG-INFO
writing dependency_links to robot_msgs.egg-info/dependency_links.txt
writing top-level names to robot_msgs.egg-info/top_level.txt
writing manifest file 'robot_msgs.egg-info/SOURCES.txt'
reading manifest file 'robot_msgs.egg-info/SOURCES.txt'
writing manifest file 'robot_msgs.egg-info/SOURCES.txt'
[ 38%] Built target ament_cmake_python_build_robot_msgs_egg
[ 41%] [34m[1mGenerating C type support for eProsima Fast-RTPS[0m
[ 45%] [32m[1mLinking CXX shared library librobot_msgs__rosidl_typesupport_introspection_cpp.so[0m
[ 48%] [32mBuilding CXX object CMakeFiles/robot_msgs__rosidl_typesupport_fastrtps_c.dir/rosidl_typesupport_fastrtps_c/robot_msgs/srv/detail/add_two_numbers__type_support_c.cpp.o[0m
[ 48%] Built target robot_msgs__rosidl_typesupport_introspection_cpp
[ 51%] [34m[1mGenerating C introspection for ROS interfaces[0m
[ 54%] [32mBuilding C object CMakeFiles/robot_msgs__rosidl_typesupport_introspection_c.dir/rosidl_typesupport_introspection_c/robot_msgs/srv/detail/add_two_numbers__type_support.c.o[0m
[ 58%] [32m[1mLinking C shared library librobot_msgs__rosidl_typesupport_introspection_c.so[0m
[ 58%] Built target robot_msgs__rosidl_typesupport_introspection_c
[ 61%] [34m[1mGenerating C type support dispatch for ROS interfaces[0m
[ 64%] [32m[1mLinking CXX shared library librobot_msgs__rosidl_typesupport_fastrtps_c.so[0m
[ 64%] Built target robot_msgs__rosidl_typesupport_fastrtps_c
[ 67%] [32mBuilding CXX object CMakeFiles/robot_msgs__rosidl_typesupport_c.dir/rosidl_typesupport_c/robot_msgs/srv/add_two_numbers__type_support.cpp.o[0m
[ 70%] [32m[1mLinking CXX shared library librobot_msgs__rosidl_typesupport_c.so[0m
[ 70%] Built target robot_msgs__rosidl_typesupport_c
[ 70%] Built target robot_msgs
[ 74%] [34m[1mGenerating Python code for ROS interfaces[0m
[ 74%] Built target robot_msgs__py
[ 77%] [32mBuilding C object CMakeFiles/robot_msgs__rosidl_generator_py.dir/rosidl_generator_py/robot_msgs/srv/_add_two_numbers_s.c.o[0m
[ 80%] [32m[1mLinking C shared library rosidl_generator_py/robot_msgs/librobot_msgs__rosidl_generator_py.so[0m
[ 80%] Built target robot_msgs__rosidl_generator_py
[ 83%] [32mBuilding C object CMakeFiles/robot_msgs__rosidl_typesupport_fastrtps_c__pyext.dir/rosidl_generator_py/robot_msgs/_robot_msgs_s.ep.rosidl_typesupport_fastrtps_c.c.o[0m
[ 87%] [32mBuilding C object CMakeFiles/robot_msgs__rosidl_typesupport_introspection_c__pyext.dir/rosidl_generator_py/robot_msgs/_robot_msgs_s.ep.rosidl_typesupport_introspection_c.c.o[0m
[ 90%] [32m[1mLinking C shared library rosidl_generator_py/robot_msgs/robot_msgs_s__rosidl_typesupport_fastrtps_c.cpython-310-x86_64-linux-gnu.so[0m
[ 93%] [32m[1mLinking C shared library rosidl_generator_py/robot_msgs/robot_msgs_s__rosidl_typesupport_introspection_c.cpython-310-x86_64-linux-gnu.so[0m
[ 93%] Built target robot_msgs__rosidl_typesupport_fastrtps_c__pyext
[ 96%] [32mBuilding C object CMakeFiles/robot_msgs__rosidl_typesupport_c__pyext.dir/rosidl_generator_py/robot_msgs/_robot_msgs_s.ep.rosidl_typesupport_c.c.o[0m
[ 96%] Built target robot_msgs__rosidl_typesupport_introspection_c__pyext
[100%] [32m[1mLinking C shared library rosidl_generator_py/robot_msgs/robot_msgs_s__rosidl_typesupport_c.cpython-310-x86_64-linux-gnu.so[0m
[100%] Built target robot_msgs__rosidl_typesupport_c__pyext
-- Install configuration: ""
-- Execute custom install script
-- Symlinking: /home/xinruwang/comp_robot_ws/install/robot_msgs/share/ament_index/resource_index/rosidl_interfaces/robot_msgs
-- Symlinking: /home/xinruwang/comp_robot_ws/install/robot_msgs/include/robot_msgs/robot_msgs/msg/rosidl_generator_c__visibility_control.h
-- Symlinking: /home/xinruwang/comp_robot_ws/install/robot_msgs/include/robot_msgs/robot_msgs/srv/add_two_numbers.h
-- Symlinking: /home/xinruwang/comp_robot_ws/install/robot_msgs/include/robot_msgs/robot_msgs/srv/detail/add_two_numbers__functions.h
-- Symlinking: /home/xinruwang/comp_robot_ws/install/robot_msgs/include/robot_msgs/robot_msgs/srv/detail/add_two_numbers__struct.h
-- Symlinking: /home/xinruwang/comp_robot_ws/install/robot_msgs/include/robot_msgs/robot_msgs/srv/detail/add_two_numbers__type_support.h
-- Symlinking: /home/xinruwang/comp_robot_ws/install/robot_msgs/share/robot_msgs/environment/library_path.sh
-- Symlinking: /home/xinruwang/comp_robot_ws/install/robot_msgs/share/robot_msgs/environment/library_path.dsv
-- Symlinking: /home/xinruwang/comp_robot_ws/install/robot_msgs/include/robot_msgs/robot_msgs/msg/rosidl_typesupport_fastrtps_c__visibility_control.h
-- Symlinking: /home/xinruwang/comp_robot_ws/install/robot_msgs/include/robot_msgs/robot_msgs/srv/detail/add_two_numbers__rosidl_typesupport_fastrtps_c.h
-- Symlinking: /home/xinruwang/comp_robot_ws/install/robot_msgs/include/robot_msgs/robot_msgs/msg/rosidl_typesupport_introspection_c__visibility_control.h
-- Symlinking: /home/xinruwang/comp_robot_ws/install/robot_msgs/include/robot_msgs/robot_msgs/srv/detail/add_two_numbers__rosidl_typesupport_introspection_c.h
-- Symlinking: /home/xinruwang/comp_robot_ws/install/robot_msgs/include/robot_msgs/robot_msgs/srv/add_two_numbers.hpp
-- Symlinking: /home/xinruwang/comp_robot_ws/install/robot_msgs/include/robot_msgs/robot_msgs/srv/detail/add_two_numbers__builder.hpp
-- Symlinking: /home/xinruwang/comp_robot_ws/install/robot_msgs/include/robot_msgs/robot_msgs/srv/detail/add_two_numbers__struct.hpp
-- Symlinking: /home/xinruwang/comp_robot_ws/install/robot_msgs/include/robot_msgs/robot_msgs/srv/detail/add_two_numbers__traits.hpp
-- Symlinking: /home/xinruwang/comp_robot_ws/install/robot_msgs/include/robot_msgs/robot_msgs/msg/rosidl_typesupport_fastrtps_cpp__visibility_control.h
-- Symlinking: /home/xinruwang/comp_robot_ws/install/robot_msgs/include/robot_msgs/robot_msgs/srv/detail/add_two_numbers__rosidl_typesupport_fastrtps_cpp.hpp
-- Symlinking: /home/xinruwang/comp_robot_ws/install/robot_msgs/include/robot_msgs/robot_msgs/srv/detail/add_two_numbers__rosidl_typesupport_introspection_cpp.hpp
-- Symlinking: /home/xinruwang/comp_robot_ws/install/robot_msgs/share/robot_msgs/environment/pythonpath.sh
-- Symlinking: /home/xinruwang/comp_robot_ws/install/robot_msgs/share/robot_msgs/environment/pythonpath.dsv
-- Symlinking: /home/xinruwang/comp_robot_ws/install/robot_msgs/local/lib/python3.10/dist-packages/robot_msgs-0.0.0-py3.10.egg-info/PKG-INFO
-- Symlinking: /home/xinruwang/comp_robot_ws/install/robot_msgs/local/lib/python3.10/dist-packages/robot_msgs-0.0.0-py3.10.egg-info/SOURCES.txt
-- Symlinking: /home/xinruwang/comp_robot_ws/install/robot_msgs/local/lib/python3.10/dist-packages/robot_msgs-0.0.0-py3.10.egg-info/dependency_links.txt
-- Symlinking: /home/xinruwang/comp_robot_ws/install/robot_msgs/local/lib/python3.10/dist-packages/robot_msgs-0.0.0-py3.10.egg-info/top_level.txt
-- Symlinking: /home/xinruwang/comp_robot_ws/install/robot_msgs/local/lib/python3.10/dist-packages/robot_msgs/__init__.py
-- Symlinking: /home/xinruwang/comp_robot_ws/install/robot_msgs/local/lib/python3.10/dist-packages/robot_msgs/_robot_msgs_s.ep.rosidl_typesupport_c.c
-- Symlinking: /home/xinruwang/comp_robot_ws/install/robot_msgs/local/lib/python3.10/dist-packages/robot_msgs/_robot_msgs_s.ep.rosidl_typesupport_fastrtps_c.c
-- Symlinking: /home/xinruwang/comp_robot_ws/install/robot_msgs/local/lib/python3.10/dist-packages/robot_msgs/_robot_msgs_s.ep.rosidl_typesupport_introspection_c.c
-- Symlinking: /home/xinruwang/comp_robot_ws/install/robot_msgs/local/lib/python3.10/dist-packages/robot_msgs/librobot_msgs__rosidl_generator_py.so
-- Symlinking: /home/xinruwang/comp_robot_ws/install/robot_msgs/local/lib/python3.10/dist-packages/robot_msgs/robot_msgs_s__rosidl_typesupport_c.cpython-310-x86_64-linux-gnu.so
-- Symlinking: /home/xinruwang/comp_robot_ws/install/robot_msgs/local/lib/python3.10/dist-packages/robot_msgs/robot_msgs_s__rosidl_typesupport_fastrtps_c.cpython-310-x86_64-linux-gnu.so
-- Symlinking: /home/xinruwang/comp_robot_ws/install/robot_msgs/local/lib/python3.10/dist-packages/robot_msgs/robot_msgs_s__rosidl_typesupport_introspection_c.cpython-310-x86_64-linux-gnu.so
-- Symlinking: /home/xinruwang/comp_robot_ws/install/robot_msgs/local/lib/python3.10/dist-packages/robot_msgs/srv/__init__.py
-- Symlinking: /home/xinruwang/comp_robot_ws/install/robot_msgs/local/lib/python3.10/dist-packages/robot_msgs/srv/_add_two_numbers.py
-- Symlinking: /home/xinruwang/comp_robot_ws/install/robot_msgs/local/lib/python3.10/dist-packages/robot_msgs/srv/_add_two_numbers_s.c
-- Up-to-date symlink: /home/xinruwang/comp_robot_ws/install/robot_msgs/local/lib/python3.10/dist-packages/robot_msgs/robot_msgs_s__rosidl_typesupport_fastrtps_c.cpython-310-x86_64-linux-gnu.so
-- Up-to-date symlink: /home/xinruwang/comp_robot_ws/install/robot_msgs/local/lib/python3.10/dist-packages/robot_msgs/robot_msgs_s__rosidl_typesupport_introspection_c.cpython-310-x86_64-linux-gnu.so
-- Up-to-date symlink: /home/xinruwang/comp_robot_ws/install/robot_msgs/local/lib/python3.10/dist-packages/robot_msgs/robot_msgs_s__rosidl_typesupport_c.cpython-310-x86_64-linux-gnu.so
-- Symlinking: /home/xinruwang/comp_robot_ws/install/robot_msgs/share/robot_msgs/srv/AddTwoNumbers.idl
-- Symlinking: /home/xinruwang/comp_robot_ws/install/robot_msgs/share/robot_msgs/srv/AddTwoNumbers.srv
-- Symlinking: /home/xinruwang/comp_robot_ws/install/robot_msgs/share/robot_msgs/srv/AddTwoNumbers_Request.msg
-- Symlinking: /home/xinruwang/comp_robot_ws/install/robot_msgs/share/robot_msgs/srv/AddTwoNumbers_Response.msg
-- Symlinking: /home/xinruwang/comp_robot_ws/install/robot_msgs/share/ament_index/resource_index/package_run_dependencies/robot_msgs
-- Symlinking: /home/xinruwang/comp_robot_ws/install/robot_msgs/share/ament_index/resource_index/parent_prefix_path/robot_msgs
-- Symlinking: /home/xinruwang/comp_robot_ws/install/robot_msgs/share/robot_msgs/environment/ament_prefix_path.sh
-- Symlinking: /home/xinruwang/comp_robot_ws/install/robot_msgs/share/robot_msgs/environment/ament_prefix_path.dsv
-- Symlinking: /home/xinruwang/comp_robot_ws/install/robot_msgs/share/robot_msgs/environment/path.sh
-- Symlinking: /home/xinruwang/comp_robot_ws/install/robot_msgs/share/robot_msgs/environment/path.dsv
-- Symlinking: /home/xinruwang/comp_robot_ws/install/robot_msgs/share/robot_msgs/local_setup.bash
-- Symlinking: /home/xinruwang/comp_robot_ws/install/robot_msgs/share/robot_msgs/local_setup.sh
-- Symlinking: /home/xinruwang/comp_robot_ws/install/robot_msgs/share/robot_msgs/local_setup.zsh
-- Symlinking: /home/xinruwang/comp_robot_ws/install/robot_msgs/share/robot_msgs/local_setup.dsv
-- Symlinking: /home/xinruwang/comp_robot_ws/install/robot_msgs/share/robot_msgs/package.dsv
-- Symlinking: /home/xinruwang/comp_robot_ws/install/robot_msgs/share/ament_index/resource_index/packages/robot_msgs
-- Symlinking: /home/xinruwang/comp_robot_ws/install/robot_msgs/share/robot_msgs/cmake/rosidl_cmake-extras.cmake
-- Symlinking: /home/xinruwang/comp_robot_ws/install/robot_msgs/share/robot_msgs/cmake/ament_cmake_export_include_directories-extras.cmake
-- Symlinking: /home/xinruwang/comp_robot_ws/install/robot_msgs/share/robot_msgs/cmake/ament_cmake_export_libraries-extras.cmake
-- Symlinking: /home/xinruwang/comp_robot_ws/install/robot_msgs/share/robot_msgs/cmake/ament_cmake_export_targets-extras.cmake
-- Symlinking: /home/xinruwang/comp_robot_ws/install/robot_msgs/share/robot_msgs/cmake/rosidl_cmake_export_typesupport_targets-extras.cmake
-- Symlinking: /home/xinruwang/comp_robot_ws/install/robot_msgs/share/robot_msgs/cmake/ament_cmake_export_dependencies-extras.cmake
-- Symlinking: /home/xinruwang/comp_robot_ws/install/robot_msgs/share/robot_msgs/cmake/rosidl_cmake_export_typesupport_libraries-extras.cmake
-- Symlinking: /home/xinruwang/comp_robot_ws/install/robot_msgs/share/robot_msgs/cmake/robot_msgsConfig.cmake
-- Symlinking: /home/xinruwang/comp_robot_ws/install/robot_msgs/share/robot_msgs/cmake/robot_msgsConfig-version.cmake
-- Symlinking: /home/xinruwang/comp_robot_ws/install/robot_msgs/share/robot_msgs/package.xml
-- Installing: /home/xinruwang/comp_robot_ws/install/robot_msgs/lib/librobot_msgs__rosidl_generator_c.so
-- Set runtime path of "/home/xinruwang/comp_robot_ws/install/robot_msgs/lib/librobot_msgs__rosidl_generator_c.so" to ""
-- Installing: /home/xinruwang/comp_robot_ws/install/robot_msgs/lib/librobot_msgs__rosidl_typesupport_fastrtps_c.so
-- Set runtime path of "/home/xinruwang/comp_robot_ws/install/robot_msgs/lib/librobot_msgs__rosidl_typesupport_fastrtps_c.so" to ""
-- Installing: /home/xinruwang/comp_robot_ws/install/robot_msgs/lib/librobot_msgs__rosidl_typesupport_introspection_c.so
-- Set runtime path of "/home/xinruwang/comp_robot_ws/install/robot_msgs/lib/librobot_msgs__rosidl_typesupport_introspection_c.so" to ""
-- Installing: /home/xinruwang/comp_robot_ws/install/robot_msgs/lib/librobot_msgs__rosidl_typesupport_c.so
-- Set runtime path of "/home/xinruwang/comp_robot_ws/install/robot_msgs/lib/librobot_msgs__rosidl_typesupport_c.so" to ""
-- Installing: /home/xinruwang/comp_robot_ws/install/robot_msgs/lib/librobot_msgs__rosidl_typesupport_fastrtps_cpp.so
-- Set runtime path of "/home/xinruwang/comp_robot_ws/install/robot_msgs/lib/librobot_msgs__rosidl_typesupport_fastrtps_cpp.so" to ""
-- Installing: /home/xinruwang/comp_robot_ws/install/robot_msgs/lib/librobot_msgs__rosidl_typesupport_introspection_cpp.so
-- Set runtime path of "/home/xinruwang/comp_robot_ws/install/robot_msgs/lib/librobot_msgs__rosidl_typesupport_introspection_cpp.so" to ""
-- Installing: /home/xinruwang/comp_robot_ws/install/robot_msgs/lib/librobot_msgs__rosidl_typesupport_cpp.so
-- Set runtime path of "/home/xinruwang/comp_robot_ws/install/robot_msgs/lib/librobot_msgs__rosidl_typesupport_cpp.so" to ""
Listing '/home/xinruwang/comp_robot_ws/install/robot_msgs/local/lib/python3.10/dist-packages/robot_msgs'...
Compiling '/home/xinruwang/comp_robot_ws/install/robot_msgs/local/lib/python3.10/dist-packages/robot_msgs/__init__.py'...
Listing '/home/xinruwang/comp_robot_ws/install/robot_msgs/local/lib/python3.10/dist-packages/robot_msgs/srv'...
Compiling '/home/xinruwang/comp_robot_ws/install/robot_msgs/local/lib/python3.10/dist-packages/robot_msgs/srv/__init__.py'...
Compiling '/home/xinruwang/comp_robot_ws/install/robot_msgs/local/lib/python3.10/dist-packages/robot_msgs/srv/_add_two_numbers.py'...
-- Installing: /home/xinruwang/comp_robot_ws/install/robot_msgs/lib/librobot_msgs__rosidl_generator_py.so
-- Set runtime path of "/home/xinruwang/comp_robot_ws/install/robot_msgs/lib/librobot_msgs__rosidl_generator_py.so" to ""
-- Installing: /home/xinruwang/comp_robot_ws/install/robot_msgs/share/robot_msgs/cmake/export_robot_msgs__rosidl_generator_cExport.cmake
-- Installing: /home/xinruwang/comp_robot_ws/install/robot_msgs/share/robot_msgs/cmake/export_robot_msgs__rosidl_generator_cExport-noconfig.cmake
-- Installing: /home/xinruwang/comp_robot_ws/install/robot_msgs/share/robot_msgs/cmake/export_robot_msgs__rosidl_typesupport_fastrtps_cExport.cmake
-- Installing: /home/xinruwang/comp_robot_ws/install/robot_msgs/share/robot_msgs/cmake/export_robot_msgs__rosidl_typesupport_fastrtps_cExport-noconfig.cmake
-- Installing: /home/xinruwang/comp_robot_ws/install/robot_msgs/share/robot_msgs/cmake/robot_msgs__rosidl_typesupport_introspection_cExport.cmake
-- Installing: /home/xinruwang/comp_robot_ws/install/robot_msgs/share/robot_msgs/cmake/robot_msgs__rosidl_typesupport_introspection_cExport-noconfig.cmake
-- Installing: /home/xinruwang/comp_robot_ws/install/robot_msgs/share/robot_msgs/cmake/robot_msgs__rosidl_typesupport_cExport.cmake
-- Installing: /home/xinruwang/comp_robot_ws/install/robot_msgs/share/robot_msgs/cmake/robot_msgs__rosidl_typesupport_cExport-noconfig.cmake
-- Installing: /home/xinruwang/comp_robot_ws/install/robot_msgs/share/robot_msgs/cmake/export_robot_msgs__rosidl_generator_cppExport.cmake
-- Installing: /home/xinruwang/comp_robot_ws/install/robot_msgs/share/robot_msgs/cmake/export_robot_msgs__rosidl_typesupport_fastrtps_cppExport.cmake
-- Installing: /home/xinruwang/comp_robot_ws/install/robot_msgs/share/robot_msgs/cmake/export_robot_msgs__rosidl_typesupport_fastrtps_cppExport-noconfig.cmake
-- Installing: /home/xinruwang/comp_robot_ws/install/robot_msgs/share/robot_msgs/cmake/robot_msgs__rosidl_typesupport_introspection_cppExport.cmake
-- Installing: /home/xinruwang/comp_robot_ws/install/robot_msgs/share/robot_msgs/cmake/robot_msgs__rosidl_typesupport_introspection_cppExport-noconfig.cmake
-- Installing: /home/xinruwang/comp_robot_ws/install/robot_msgs/share/robot_msgs/cmake/robot_msgs__rosidl_typesupport_cppExport.cmake
-- Installing: /home/xinruwang/comp_robot_ws/install/robot_msgs/share/robot_msgs/cmake/robot_msgs__rosidl_typesupport_cppExport-noconfig.cmake
-- Installing: /home/xinruwang/comp_robot_ws/install/robot_msgs/share/robot_msgs/cmake/export_robot_msgs__rosidl_generator_pyExport.cmake
-- Installing: /home/xinruwang/comp_robot_ws/install/robot_msgs/share/robot_msgs/cmake/export_robot_msgs__rosidl_generator_pyExport-noconfig.cmake
