running develop
/usr/lib/python3/dist-packages/setuptools/command/easy_install.py:158: EasyInstallDeprecationWarning: easy_install command is deprecated. Use build and pip and other standards-based tools.
  warnings.warn(
running egg_info
creating robot_service.egg-info
writing robot_service.egg-info/PKG-INFO
writing dependency_links to robot_service.egg-info/dependency_links.txt
writing entry points to robot_service.egg-info/entry_points.txt
writing requirements to robot_service.egg-info/requires.txt
writing top-level names to robot_service.egg-info/top_level.txt
writing manifest file 'robot_service.egg-info/SOURCES.txt'
reading manifest file 'robot_service.egg-info/SOURCES.txt'
writing manifest file 'robot_service.egg-info/SOURCES.txt'
running build_ext
Creating /home/xinruwang/comp_robot_ws/install/robot_service/lib/python3.10/site-packages/robot-service.egg-link (link to .)
Installing add_two_numbers_client script to /home/xinruwang/comp_robot_ws/install/robot_service/lib/robot_service
Installing add_two_numbers_service script to /home/xinruwang/comp_robot_ws/install/robot_service/lib/robot_service

Installed /home/xinruwang/comp_robot_ws/build/robot_service
running symlink_data
creating /home/xinruwang/comp_robot_ws/install/robot_service/share/ament_index
creating /home/xinruwang/comp_robot_ws/install/robot_service/share/ament_index/resource_index
creating /home/xinruwang/comp_robot_ws/install/robot_service/share/ament_index/resource_index/packages
symbolically linking /home/xinruwang/comp_robot_ws/build/robot_service/resource/robot_service -> /home/xinruwang/comp_robot_ws/install/robot_service/share/ament_index/resource_index/packages
symbolically linking /home/xinruwang/comp_robot_ws/build/robot_service/package.xml -> /home/xinruwang/comp_robot_ws/install/robot_service/share/robot_service
