[0.023s] Invoking command in '/home/xinruwang/comp_robot_ws/build/openslam_gmapping': CMAKE_PREFIX_PATH=${CMAKE_PREFIX_PATH}:/home/xinruwang/comp_robot_ws/install/tf_demos:/home/xinruwang/comp_robot_ws/install/survey_missions:/home/xinruwang/comp_robot_ws/install/robot_service:/home/xinruwang/comp_robot_ws/install/robot_navigation:/home/xinruwang/comp_robot_ws/install/robot_control:/home/xinruwang/comp_robot_ws/install/path_follower:/home/xinruwang/comp_robot_ws/install/m2wr_description:/home/xinruwang/comp_robot_ws/install/grid_planners_demo:/home/xinruwang/comp_robot_ws/install/bug_path_planning:/home/xinruwang/comp_robot_ws/install/braitenberg:/home/xinruwang/comp_robot_ws/install/beginner_tutorials:/opt/ros/humble /usr/bin/cmake /home/xinruwang/comp_robot_ws/src/slam_gmapping/openslam_gmapping -DAMENT_CMAKE_SYMLINK_INSTALL=1 -DCMAKE_INSTALL_PREFIX=/home/xinruwang/comp_robot_ws/install/openslam_gmapping
[0.281s] -- The C compiler identification is GNU 11.4.0
[0.405s] -- The CXX compiler identification is GNU 11.4.0
[0.418s] -- Detecting C compiler ABI info
[0.517s] -- Detecting C compiler ABI info - done
[0.524s] -- Check for working C compiler: /usr/bin/cc - skipped
[0.524s] -- Detecting C compile features
[0.525s] -- Detecting C compile features - done
[0.533s] -- Detecting CXX compiler ABI info
[0.621s] -- Detecting CXX compiler ABI info - done
[0.629s] -- Check for working CXX compiler: /usr/bin/c++ - skipped
[0.631s] -- Detecting CXX compile features
[0.631s] -- Detecting CXX compile features - done
[0.646s] -- Found ament_cmake: 1.3.10 (/opt/ros/humble/share/ament_cmake/cmake)
[0.833s] -- Found Python3: /usr/bin/python3 (found version "3.10.12") found components: Interpreter 
[0.949s] -- Override CMake install command with custom implementation using symlinks instead of copying resources
[1.087s] -- Configuring done
[1.095s] -- Generating done
[1.095s] -- Build files have been written to: /home/xinruwang/comp_robot_ws/build/openslam_gmapping
[1.100s] Invoked command in '/home/xinruwang/comp_robot_ws/build/openslam_gmapping' returned '0': CMAKE_PREFIX_PATH=${CMAKE_PREFIX_PATH}:/home/xinruwang/comp_robot_ws/install/tf_demos:/home/xinruwang/comp_robot_ws/install/survey_missions:/home/xinruwang/comp_robot_ws/install/robot_service:/home/xinruwang/comp_robot_ws/install/robot_navigation:/home/xinruwang/comp_robot_ws/install/robot_control:/home/xinruwang/comp_robot_ws/install/path_follower:/home/xinruwang/comp_robot_ws/install/m2wr_description:/home/xinruwang/comp_robot_ws/install/grid_planners_demo:/home/xinruwang/comp_robot_ws/install/bug_path_planning:/home/xinruwang/comp_robot_ws/install/braitenberg:/home/xinruwang/comp_robot_ws/install/beginner_tutorials:/opt/ros/humble /usr/bin/cmake /home/xinruwang/comp_robot_ws/src/slam_gmapping/openslam_gmapping -DAMENT_CMAKE_SYMLINK_INSTALL=1 -DCMAKE_INSTALL_PREFIX=/home/xinruwang/comp_robot_ws/install/openslam_gmapping
[1.102s] Invoking command in '/home/xinruwang/comp_robot_ws/build/openslam_gmapping': CMAKE_PREFIX_PATH=${CMAKE_PREFIX_PATH}:/home/xinruwang/comp_robot_ws/install/tf_demos:/home/xinruwang/comp_robot_ws/install/survey_missions:/home/xinruwang/comp_robot_ws/install/robot_service:/home/xinruwang/comp_robot_ws/install/robot_navigation:/home/xinruwang/comp_robot_ws/install/robot_control:/home/xinruwang/comp_robot_ws/install/path_follower:/home/xinruwang/comp_robot_ws/install/m2wr_description:/home/xinruwang/comp_robot_ws/install/grid_planners_demo:/home/xinruwang/comp_robot_ws/install/bug_path_planning:/home/xinruwang/comp_robot_ws/install/braitenberg:/home/xinruwang/comp_robot_ws/install/beginner_tutorials:/opt/ros/humble /usr/bin/cmake --build /home/xinruwang/comp_robot_ws/build/openslam_gmapping -- -j2 -l2
[1.153s] [  4%] [32mBuilding CXX object utils/CMakeFiles/utils.dir/movement.cpp.o[0m
[1.162s] [  9%] [32mBuilding CXX object sensor/sensor_base/CMakeFiles/sensor_base.dir/sensor.cpp.o[0m
[1.821s] [ 13%] [32mBuilding CXX object sensor/sensor_base/CMakeFiles/sensor_base.dir/sensorreading.cpp.o[0m
[1.862s] [ 18%] [32mBuilding CXX object utils/CMakeFiles/utils.dir/stat.cpp.o[0m
[2.014s] [ 22%] [32m[1mLinking CXX static library libsensor_base.a[0m
[2.118s] [ 22%] Built target sensor_base
[2.170s] [ 27%] [32mBuilding CXX object sensor/sensor_range/CMakeFiles/sensor_range.dir/rangereading.cpp.o[0m
[2.549s] [ 31%] [32m[1mLinking CXX static library libutils.a[0m
[2.639s] [ 31%] Built target utils
[2.671s] [ 36%] [32mBuilding CXX object sensor/sensor_odometry/CMakeFiles/sensor_odometry.dir/odometryreading.cpp.o[0m
[2.824s] [ 40%] [32mBuilding CXX object sensor/sensor_range/CMakeFiles/sensor_range.dir/rangesensor.cpp.o[0m
[2.990s] [ 45%] [32mBuilding CXX object sensor/sensor_odometry/CMakeFiles/sensor_odometry.dir/odometrysensor.cpp.o[0m
[3.236s] [ 50%] [32m[1mLinking CXX static library libsensor_odometry.a[0m
[3.300s] [ 50%] Built target sensor_odometry
[3.335s] [ 54%] [32m[1mLinking CXX static library libsensor_range.a[0m
[3.363s] [ 54%] Built target sensor_range
[3.389s] [ 59%] [32mBuilding CXX object scanmatcher/CMakeFiles/scanmatcher.dir/eig3.cpp.o[0m
[3.396s] [ 63%] [32mBuilding CXX object scanmatcher/CMakeFiles/scanmatcher.dir/scanmatcher.cpp.o[0m
[3.715s] [ 68%] [32mBuilding CXX object scanmatcher/CMakeFiles/scanmatcher.dir/scanmatcherprocessor.cpp.o[0m
[4.956s] [ 72%] [32mBuilding CXX object scanmatcher/CMakeFiles/scanmatcher.dir/smmap.cpp.o[0m
[5.393s] [ 77%] [32m[1mLinking CXX static library libscanmatcher.a[0m
[5.428s] [ 77%] Built target scanmatcher
[5.448s] [ 81%] [32mBuilding CXX object gridfastslam/CMakeFiles/gridfastslam.dir/gfsreader.cpp.o[0m
[5.459s] [ 86%] [32mBuilding CXX object gridfastslam/CMakeFiles/gridfastslam.dir/gridslamprocessor.cpp.o[0m
[6.909s] [ 90%] [32mBuilding CXX object gridfastslam/CMakeFiles/gridfastslam.dir/gridslamprocessor_tree.cpp.o[0m
[7.806s] [ 95%] [32mBuilding CXX object gridfastslam/CMakeFiles/gridfastslam.dir/motionmodel.cpp.o[0m
[8.174s] [100%] [32m[1mLinking CXX static library libgridfastslam.a[0m
[8.210s] [100%] Built target gridfastslam
[8.223s] Invoked command in '/home/xinruwang/comp_robot_ws/build/openslam_gmapping' returned '0': CMAKE_PREFIX_PATH=${CMAKE_PREFIX_PATH}:/home/xinruwang/comp_robot_ws/install/tf_demos:/home/xinruwang/comp_robot_ws/install/survey_missions:/home/xinruwang/comp_robot_ws/install/robot_service:/home/xinruwang/comp_robot_ws/install/robot_navigation:/home/xinruwang/comp_robot_ws/install/robot_control:/home/xinruwang/comp_robot_ws/install/path_follower:/home/xinruwang/comp_robot_ws/install/m2wr_description:/home/xinruwang/comp_robot_ws/install/grid_planners_demo:/home/xinruwang/comp_robot_ws/install/bug_path_planning:/home/xinruwang/comp_robot_ws/install/braitenberg:/home/xinruwang/comp_robot_ws/install/beginner_tutorials:/opt/ros/humble /usr/bin/cmake --build /home/xinruwang/comp_robot_ws/build/openslam_gmapping -- -j2 -l2
[8.264s] Invoking command in '/home/xinruwang/comp_robot_ws/build/openslam_gmapping': CMAKE_PREFIX_PATH=${CMAKE_PREFIX_PATH}:/home/xinruwang/comp_robot_ws/install/tf_demos:/home/xinruwang/comp_robot_ws/install/survey_missions:/home/xinruwang/comp_robot_ws/install/robot_service:/home/xinruwang/comp_robot_ws/install/robot_navigation:/home/xinruwang/comp_robot_ws/install/robot_control:/home/xinruwang/comp_robot_ws/install/path_follower:/home/xinruwang/comp_robot_ws/install/m2wr_description:/home/xinruwang/comp_robot_ws/install/grid_planners_demo:/home/xinruwang/comp_robot_ws/install/bug_path_planning:/home/xinruwang/comp_robot_ws/install/braitenberg:/home/xinruwang/comp_robot_ws/install/beginner_tutorials:/opt/ros/humble /usr/bin/cmake --install /home/xinruwang/comp_robot_ws/build/openslam_gmapping
[8.272s] -- Install configuration: ""
[8.272s] -- Execute custom install script
[8.273s] -- Symlinking: /home/xinruwang/comp_robot_ws/install/openslam_gmapping/lib/libgridfastslam.a
[8.283s] -- Symlinking: /home/xinruwang/comp_robot_ws/install/openslam_gmapping/lib/libscanmatcher.a
[8.294s] -- Symlinking: /home/xinruwang/comp_robot_ws/install/openslam_gmapping/lib/libsensor_base.a
[8.304s] -- Symlinking: /home/xinruwang/comp_robot_ws/install/openslam_gmapping/share/openslam_gmapping/environment/library_path.sh
[8.313s] -- Symlinking: /home/xinruwang/comp_robot_ws/install/openslam_gmapping/share/openslam_gmapping/environment/library_path.dsv
[8.323s] -- Up-to-date symlink: /home/xinruwang/comp_robot_ws/install/openslam_gmapping/share/openslam_gmapping/environment/library_path.sh
[8.323s] -- Up-to-date symlink: /home/xinruwang/comp_robot_ws/install/openslam_gmapping/share/openslam_gmapping/environment/library_path.dsv
[8.324s] -- Symlinking: /home/xinruwang/comp_robot_ws/install/openslam_gmapping/lib/libsensor_odometry.a
[8.332s] -- Symlinking: /home/xinruwang/comp_robot_ws/install/openslam_gmapping/lib/libsensor_range.a
[8.340s] -- Symlinking: /home/xinruwang/comp_robot_ws/install/openslam_gmapping/lib/libutils.a
[8.350s] -- Up-to-date symlink: /home/xinruwang/comp_robot_ws/install/openslam_gmapping/share/openslam_gmapping/environment/library_path.sh
[8.350s] -- Up-to-date symlink: /home/xinruwang/comp_robot_ws/install/openslam_gmapping/share/openslam_gmapping/environment/library_path.dsv
[8.351s] -- Up-to-date symlink: /home/xinruwang/comp_robot_ws/install/openslam_gmapping/share/openslam_gmapping/environment/library_path.sh
[8.352s] -- Up-to-date symlink: /home/xinruwang/comp_robot_ws/install/openslam_gmapping/share/openslam_gmapping/environment/library_path.dsv
[8.352s] -- Symlinking: /home/xinruwang/comp_robot_ws/install/openslam_gmapping/include//gmapping/grid/accessstate.h
[8.360s] -- Symlinking: /home/xinruwang/comp_robot_ws/install/openslam_gmapping/include//gmapping/grid/array2d.h
[8.368s] -- Symlinking: /home/xinruwang/comp_robot_ws/install/openslam_gmapping/include//gmapping/grid/harray2d.h
[8.376s] -- Symlinking: /home/xinruwang/comp_robot_ws/install/openslam_gmapping/include//gmapping/grid/map.h
[8.387s] -- Symlinking: /home/xinruwang/comp_robot_ws/install/openslam_gmapping/include//gmapping/gridfastslam/gridslamprocessor.h
[8.393s] -- Symlinking: /home/xinruwang/comp_robot_ws/install/openslam_gmapping/include//gmapping/gridfastslam/gridslamprocessor.hxx
[8.402s] -- Symlinking: /home/xinruwang/comp_robot_ws/install/openslam_gmapping/include//gmapping/gridfastslam/motionmodel.h
[8.411s] -- Symlinking: /home/xinruwang/comp_robot_ws/install/openslam_gmapping/include//gmapping/log/configuration.h
[8.422s] -- Symlinking: /home/xinruwang/comp_robot_ws/install/openslam_gmapping/include//gmapping/log/sensorlog.h
[8.427s] -- Symlinking: /home/xinruwang/comp_robot_ws/install/openslam_gmapping/include//gmapping/particlefilter/particlefilter.h
[8.436s] -- Symlinking: /home/xinruwang/comp_robot_ws/install/openslam_gmapping/include//gmapping/scanmatcher/icp.h
[8.443s] -- Symlinking: /home/xinruwang/comp_robot_ws/install/openslam_gmapping/include//gmapping/scanmatcher/scanmatcher.h
[8.451s] -- Symlinking: /home/xinruwang/comp_robot_ws/install/openslam_gmapping/include//gmapping/scanmatcher/smmap.h
[8.460s] -- Symlinking: /home/xinruwang/comp_robot_ws/install/openslam_gmapping/include//gmapping/sensor/sensor_base/sensor.h
[8.467s] -- Symlinking: /home/xinruwang/comp_robot_ws/install/openslam_gmapping/include//gmapping/sensor/sensor_base/sensorreading.h
[8.475s] -- Symlinking: /home/xinruwang/comp_robot_ws/install/openslam_gmapping/include//gmapping/sensor/sensor_odometry/odometryreading.h
[8.482s] -- Symlinking: /home/xinruwang/comp_robot_ws/install/openslam_gmapping/include//gmapping/sensor/sensor_odometry/odometrysensor.h
[8.492s] -- Symlinking: /home/xinruwang/comp_robot_ws/install/openslam_gmapping/include//gmapping/sensor/sensor_range/rangereading.h
[8.501s] -- Symlinking: /home/xinruwang/comp_robot_ws/install/openslam_gmapping/include//gmapping/sensor/sensor_range/rangesensor.h
[8.509s] -- Symlinking: /home/xinruwang/comp_robot_ws/install/openslam_gmapping/include//gmapping/utils/autoptr.h
[8.516s] -- Symlinking: /home/xinruwang/comp_robot_ws/install/openslam_gmapping/include//gmapping/utils/commandline.h
[8.524s] -- Symlinking: /home/xinruwang/comp_robot_ws/install/openslam_gmapping/include//gmapping/utils/gvalues.h
[8.532s] -- Symlinking: /home/xinruwang/comp_robot_ws/install/openslam_gmapping/include//gmapping/utils/macro_params.h
[8.541s] -- Symlinking: /home/xinruwang/comp_robot_ws/install/openslam_gmapping/include//gmapping/utils/point.h
[8.549s] -- Symlinking: /home/xinruwang/comp_robot_ws/install/openslam_gmapping/include//gmapping/utils/stat.h
[8.559s] -- Symlinking: /home/xinruwang/comp_robot_ws/install/openslam_gmapping/share/ament_index/resource_index/package_run_dependencies/openslam_gmapping
[8.570s] -- Symlinking: /home/xinruwang/comp_robot_ws/install/openslam_gmapping/share/ament_index/resource_index/parent_prefix_path/openslam_gmapping
[8.577s] -- Symlinking: /home/xinruwang/comp_robot_ws/install/openslam_gmapping/share/openslam_gmapping/environment/ament_prefix_path.sh
[8.586s] -- Symlinking: /home/xinruwang/comp_robot_ws/install/openslam_gmapping/share/openslam_gmapping/environment/ament_prefix_path.dsv
[8.595s] -- Symlinking: /home/xinruwang/comp_robot_ws/install/openslam_gmapping/share/openslam_gmapping/environment/path.sh
[8.607s] -- Symlinking: /home/xinruwang/comp_robot_ws/install/openslam_gmapping/share/openslam_gmapping/environment/path.dsv
[8.614s] -- Symlinking: /home/xinruwang/comp_robot_ws/install/openslam_gmapping/share/openslam_gmapping/local_setup.bash
[8.622s] -- Symlinking: /home/xinruwang/comp_robot_ws/install/openslam_gmapping/share/openslam_gmapping/local_setup.sh
[8.632s] -- Symlinking: /home/xinruwang/comp_robot_ws/install/openslam_gmapping/share/openslam_gmapping/local_setup.zsh
[8.639s] -- Symlinking: /home/xinruwang/comp_robot_ws/install/openslam_gmapping/share/openslam_gmapping/local_setup.dsv
[8.650s] -- Symlinking: /home/xinruwang/comp_robot_ws/install/openslam_gmapping/share/openslam_gmapping/package.dsv
[8.659s] -- Symlinking: /home/xinruwang/comp_robot_ws/install/openslam_gmapping/share/ament_index/resource_index/packages/openslam_gmapping
[8.668s] -- Symlinking: /home/xinruwang/comp_robot_ws/install/openslam_gmapping/share/openslam_gmapping/cmake/ament_cmake_export_libraries-extras.cmake
[8.676s] -- Symlinking: /home/xinruwang/comp_robot_ws/install/openslam_gmapping/share/openslam_gmapping/cmake/ament_cmake_export_include_directories-extras.cmake
[8.685s] -- Symlinking: /home/xinruwang/comp_robot_ws/install/openslam_gmapping/share/openslam_gmapping/cmake/openslam_gmappingConfig.cmake
[8.696s] -- Symlinking: /home/xinruwang/comp_robot_ws/install/openslam_gmapping/share/openslam_gmapping/cmake/openslam_gmappingConfig-version.cmake
[8.705s] -- Symlinking: /home/xinruwang/comp_robot_ws/install/openslam_gmapping/share/openslam_gmapping/package.xml
[8.717s] Invoked command in '/home/xinruwang/comp_robot_ws/build/openslam_gmapping' returned '0': CMAKE_PREFIX_PATH=${CMAKE_PREFIX_PATH}:/home/xinruwang/comp_robot_ws/install/tf_demos:/home/xinruwang/comp_robot_ws/install/survey_missions:/home/xinruwang/comp_robot_ws/install/robot_service:/home/xinruwang/comp_robot_ws/install/robot_navigation:/home/xinruwang/comp_robot_ws/install/robot_control:/home/xinruwang/comp_robot_ws/install/path_follower:/home/xinruwang/comp_robot_ws/install/m2wr_description:/home/xinruwang/comp_robot_ws/install/grid_planners_demo:/home/xinruwang/comp_robot_ws/install/bug_path_planning:/home/xinruwang/comp_robot_ws/install/braitenberg:/home/xinruwang/comp_robot_ws/install/beginner_tutorials:/opt/ros/humble /usr/bin/cmake --install /home/xinruwang/comp_robot_ws/build/openslam_gmapping
