running develop
running egg_info
creating survey_missions.egg-info
writing survey_missions.egg-info/PKG-INFO
writing dependency_links to survey_missions.egg-info/dependency_links.txt
writing entry points to survey_missions.egg-info/entry_points.txt
writing requirements to survey_missions.egg-info/requires.txt
writing top-level names to survey_missions.egg-info/top_level.txt
writing manifest file 'survey_missions.egg-info/SOURCES.txt'
reading manifest file 'survey_missions.egg-info/SOURCES.txt'
writing manifest file 'survey_missions.egg-info/SOURCES.txt'
running build_ext
Creating /home/xinruwang/comp_robot_ws/install/survey_missions/lib/python3.10/site-packages/survey-missions.egg-link (link to .)
Installing mission_handler script to /home/xinruwang/comp_robot_ws/install/survey_missions/lib/survey_missions

Installed /home/xinruwang/comp_robot_ws/build/survey_missions
running symlink_data
creating /home/xinruwang/comp_robot_ws/install/survey_missions/share/ament_index
creating /home/xinruwang/comp_robot_ws/install/survey_missions/share/ament_index/resource_index
creating /home/xinruwang/comp_robot_ws/install/survey_missions/share/ament_index/resource_index/packages
symbolically linking /home/xinruwang/comp_robot_ws/build/survey_missions/resource/survey_missions -> /home/xinruwang/comp_robot_ws/install/survey_missions/share/ament_index/resource_index/packages
symbolically linking /home/xinruwang/comp_robot_ws/build/survey_missions/package.xml -> /home/xinruwang/comp_robot_ws/install/survey_missions/share/survey_missions
creating /home/xinruwang/comp_robot_ws/install/survey_missions/share/survey_missions/launch
symbolically linking /home/xinruwang/comp_robot_ws/build/survey_missions/launch/survey_environment.launch.py -> /home/xinruwang/comp_robot_ws/install/survey_missions/share/survey_missions/launch
creating /home/xinruwang/comp_robot_ws/install/survey_missions/share/survey_missions/config
symbolically linking /home/xinruwang/comp_robot_ws/build/survey_missions/config/survey_waypoints_x.yaml -> /home/xinruwang/comp_robot_ws/install/survey_missions/share/survey_missions/config
